<?xml version="1.0" encoding="UTF-8"?>
<!-- Generated by org.testng.reporters.JUnitXMLReporter -->
<testsuite hostname="XIPL9913" ignored="0" name="Firefox Test" tests="2" failures="2" timestamp="2022-12-13T11:12:44 IST" time="0.781" errors="0">
  <testcase name="@AfterTest closeBrowser" time="0.0" classname="testNG_Feature.ParallelTest_Selenium">
    <failure type="java.lang.NullPointerException">
      <![CDATA[java.lang.NullPointerException
at testNG_Feature.ParallelTest_Selenium.closeBrowser(ParallelTest_Selenium.java:59)
... Removed 24 stack frames]]>
    </failure>
  </testcase> <!-- @AfterTest closeBrowser -->
  <testcase name="login_TestCase" time="0.005" classname="testNG_Feature.ParallelTest_Selenium">
    <failure type="java.lang.NullPointerException">
      <![CDATA[java.lang.NullPointerException
at testNG_Feature.ParallelTest_Selenium.login_TestCase(ParallelTest_Selenium.java:47)
at java.util.ArrayList.forEach(ArrayList.java:1249)
... Removed 28 stack frames]]>
    </failure>
  </testcase> <!-- login_TestCase -->
  <testcase name="search_TestCase" time="0.001" classname="testNG_Feature.ParallelTest_Selenium">
    <failure type="java.lang.NullPointerException">
      <![CDATA[java.lang.NullPointerException
at testNG_Feature.ParallelTest_Selenium.search_TestCase(ParallelTest_Selenium.java:53)
at java.util.ArrayList.forEach(ArrayList.java:1249)
... Removed 28 stack frames]]>
    </failure>
  </testcase> <!-- search_TestCase -->
</testsuite> <!-- Firefox Test -->
