<?xml version="1.0" encoding="UTF-8"?>
<!-- Generated by org.testng.reporters.JUnitXMLReporter -->
<testsuite hostname="XIPL9913" ignored="0" name="Internet Explorer Test" tests="2" failures="0" timestamp="2022-12-13T11:12:56 IST" time="0.04" errors="0">
  <testcase name="@BeforeTest openBrowser" time="0.027" classname="testNG_Feature.ParallelTest_Selenium">
    <failure type="java.lang.IllegalStateException" message="The driver executable must exist: D:\IEDriverServer.exe">
      <![CDATA[java.lang.IllegalStateException: The driver executable must exist: D:\IEDriverServer.exe
at org.openqa.selenium.internal.Require$FileStateChecker.isFile(Require.java:345)
at org.openqa.selenium.remote.service.DriverService.checkExecutable(DriverService.java:160)
at org.openqa.selenium.remote.service.DriverService.findExecutable(DriverService.java:155)
at org.openqa.selenium.ie.InternetExplorerDriverService.access$000(InternetExplorerDriverService.java:39)
at org.openqa.selenium.ie.InternetExplorerDriverService$Builder.findDefaultExecutable(InternetExplorerDriverService.java:171)
at org.openqa.selenium.remote.service.DriverService$Builder.build(DriverService.java:450)
at org.openqa.selenium.ie.InternetExplorerDriver.setupService(InternetExplorerDriver.java:243)
at org.openqa.selenium.ie.InternetExplorerDriver.<init>(InternetExplorerDriver.java:169)
at org.openqa.selenium.ie.InternetExplorerDriver.<init>(InternetExplorerDriver.java:144)
at testNG_Feature.ParallelTest_Selenium.openBrowser(ParallelTest_Selenium.java:37)
... Removed 24 stack frames]]>
    </failure>
  </testcase> <!-- @BeforeTest openBrowser -->
  <testcase name="@AfterTest closeBrowser" time="-1.670910176061E9" classname="testNG_Feature.ParallelTest_Selenium">
    <skipped/>
  </testcase> <!-- @AfterTest closeBrowser -->
  <testcase name="login_TestCase" time="0.0" classname="testNG_Feature.ParallelTest_Selenium">
    <skipped/>
  </testcase> <!-- login_TestCase -->
  <testcase name="search_TestCase" time="0.0" classname="testNG_Feature.ParallelTest_Selenium">
    <skipped/>
  </testcase> <!-- search_TestCase -->
</testsuite> <!-- Internet Explorer Test -->
